#
# There is insufficient memory for the Java Runtime Environment to continue.
# Native memory allocation (malloc) failed to allocate 1048576 bytes for AllocateHeap
# Possible reasons:
#   The system is out of physical RAM or swap space
#   The process is running with CompressedOops enabled, and the Java Heap may be blocking the growth of the native heap
# Possible solutions:
#   Reduce memory load on the system
#   Increase physical memory or swap space
#   Check if swap backing store is full
#   Decrease Java heap size (-Xmx/-Xms)
#   Decrease number of Java threads
#   Decrease Java thread stack sizes (-Xss)
#   Set larger code cache with -XX:ReservedCodeCacheSize=
#   JVM is running with Unscaled Compressed Oops mode in which the Java heap is
#     placed in the first 4GB address space. The Java Heap base address is the
#     maximum limit for the native heap growth. Please use -XX:HeapBaseMinAddress
#     to set the Java Heap base and to place the Java Heap above 4GB virtual address.
# This output file may be truncated or incomplete.
#
#  Out of Memory Error (allocation.cpp:44), pid=18160, tid=19776
#
# JRE version:  (21.0.6+8) (build )
# Java VM: Java HotSpot(TM) 64-Bit Server VM (21.0.6+8-LTS-188, mixed mode, sharing, tiered, compressed oops, compressed class ptrs, parallel gc, windows-amd64)
# No core dump will be written. Minidumps are not enabled by default on client versions of Windows
#

---------------  S U M M A R Y ------------

Command Line: --add-modules=ALL-SYSTEM --add-opens=java.base/java.util=ALL-UNNAMED --add-opens=java.base/java.lang=ALL-UNNAMED --add-opens=java.base/sun.nio.fs=ALL-UNNAMED -Declipse.application=org.eclipse.jdt.ls.core.id1 -Dosgi.bundles.defaultStartLevel=4 -Declipse.product=org.eclipse.jdt.ls.core.product -Djava.import.generatesMetadataFilesAtProjectRoot=false -DDetectVMInstallationsJob.disabled=true -Dfile.encoding=utf8 -XX:+UseParallelGC -XX:GCTimeRatio=4 -XX:AdaptiveSizePolicyWeight=90 -Dsun.zip.disableMemoryMapping=true -Xmx1G -Xms100m -Xlog:disable -javaagent:c:\Users\86180\.vscode\extensions\redhat.java-1.40.0-win32-x64\lombok\lombok-1.18.36.jar -XX:+HeapDumpOnOutOfMemoryError -XX:HeapDumpPath=c:\Users\86180\AppData\Roaming\Code\User\workspaceStorage\53fa2aaa36807e02a3b2c9e57a9dbe24\redhat.java -Daether.dependencyCollector.impl=bf c:\Users\86180\.vscode\extensions\redhat.java-1.40.0-win32-x64\server\plugins\org.eclipse.equinox.launcher_1.6.1000.v20250131-0606.jar -configuration c:\Users\86180\AppData\Roaming\Code\User\globalStorage\redhat.java\1.40.0\config_win -data c:\Users\86180\AppData\Roaming\Code\User\workspaceStorage\53fa2aaa36807e02a3b2c9e57a9dbe24\redhat.java\jdt_ws --pipe=\\.\pipe\lsp-4873c44c533ebd949b89f8afbdd3158e-sock

Host: 12th Gen Intel(R) Core(TM) i7-12700H, 20 cores, 15G,  Windows 11 , 64 bit Build 22621 (10.0.22621.5124)
Time: Wed Apr  9 22:08:58 2025  Windows 11 , 64 bit Build 22621 (10.0.22621.5124) elapsed time: 0.027813 seconds (0d 0h 0m 0s)

---------------  T H R E A D  ---------------

Current thread (0x000002eef0b0cf40):  JavaThread "Unknown thread" [_thread_in_vm, id=19776, stack(0x000000f0a6100000,0x000000f0a6200000) (1024K)]

Stack: [0x000000f0a6100000,0x000000f0a6200000]
Native frames: (J=compiled Java code, j=interpreted, Vv=VM code, C=native code)
V  [jvm.dll+0x6ca6d9]
V  [jvm.dll+0x854f51]
V  [jvm.dll+0x85747e]
V  [jvm.dll+0x857b53]
V  [jvm.dll+0x27dcc6]
V  [jvm.dll+0xbf7d7]
V  [jvm.dll+0x6fe820]
V  [jvm.dll+0x6ff38c]
V  [jvm.dll+0x6d9133]
V  [jvm.dll+0x81e9ac]
V  [jvm.dll+0x3bab5c]
V  [jvm.dll+0x807758]
V  [jvm.dll+0x44fdae]
V  [jvm.dll+0x4519a1]
C  [jli.dll+0x52a3]
C  [ucrtbase.dll+0x29333]
C  [KERNEL32.DLL+0x1259d]
C  [ntdll.dll+0x5af38]


---------------  P R O C E S S  ---------------

Threads class SMR info:
_java_thread_list=0x000002eef0b76330, length=1, elements={
0x000002eef0b0cf40
}

Java Threads: ( => current thread )
=>0x000002eef0b0cf40 JavaThread "Unknown thread"             [_thread_in_vm, id=19776, stack(0x000000f0a6100000,0x000000f0a6200000) (1024K)]
Total: 1

Other Threads:
  0x000002eef0b77530 WatcherThread "VM Periodic Task Thread"        [id=1704, stack(0x000000f0a6300000,0x000000f0a6400000) (1024K)]
  0x000002eef0b2b620 WorkerThread "GC Thread#0"                     [id=15388, stack(0x000000f0a6200000,0x000000f0a6300000) (1024K)]
Total: 2

Threads with active compile tasks:
Total: 0

VM state: not at safepoint (normal execution)

VM Mutex/Monitor currently owned by a thread: None

Heap address: 0x00000000c0000000, size: 1024 MB, Compressed Oops mode: 32-bit

CDS archive(s) mapped at: [0x000002ee8f000000-0x000002ee8fc90000-0x000002ee8fc90000), size 13172736, SharedBaseAddress: 0x000002ee8f000000, ArchiveRelocationMode: 1.
Compressed class space mapped at: 0x000002ee90000000-0x000002eed0000000, reserved size: 1073741824
Narrow klass base: 0x000002ee8f000000, Narrow klass shift: 0, Narrow klass range: 0x100000000

GC Precious Log:
 CardTable entry size: 512
 CPUs: 20 total, 20 available
 Memory: 16068M
 Large Page Support: Disabled
 NUMA Support: Disabled
 Compressed Oops: Enabled (32-bit)
 Alignments: Space 512K, Generation 512K, Heap 2M
 Heap Min Capacity: 100M
 Heap Initial Capacity: 100M
 Heap Max Capacity: 1G
 Pre-touch: Disabled
 Parallel Workers: 15

Heap:
 PSYoungGen      total 29696K, used 512K [0x00000000eab00000, 0x00000000ecc00000, 0x0000000100000000)
  eden space 25600K, 2% used [0x00000000eab00000,0x00000000eab80020,0x00000000ec400000)
  from space 4096K, 0% used [0x00000000ec800000,0x00000000ec800000,0x00000000ecc00000)
  to   space 4096K, 0% used [0x00000000ec400000,0x00000000ec400000,0x00000000ec800000)
 ParOldGen       total 68608K, used 0K [0x00000000c0000000, 0x00000000c4300000, 0x00000000eab00000)
  object space 68608K, 0% used [0x00000000c0000000,0x00000000c0000000,0x00000000c4300000)
 Metaspace       used 0K, committed 0K, reserved 1048576K
  class space    used 0K, committed 0K, reserved 1048576K

Card table byte_map: [0x000002eef04b0000,0x000002eef06c0000] _byte_map_base: 0x000002eeefeb0000

Marking Bits: (ParMarkBitMap*) 0x00007ffb05c22df0
 Begin Bits: [0x000002eef8f90000, 0x000002eef9f90000)
 End Bits:   [0x000002eef9f90000, 0x000002eefaf90000)

Polling page: 0x000002eeee9e0000

Metaspace:

Usage:
  Non-class:      0 bytes used.
      Class:      0 bytes used.
       Both:      0 bytes used.

Virtual space:
  Non-class space:        0 bytes reserved,       0 bytes (  ?%) committed,  0 nodes.
      Class space:        1.00 GB reserved,       0 bytes (  0%) committed,  1 nodes.
             Both:        1.00 GB reserved,       0 bytes (  0%) committed. 

Chunk freelists:
   Non-Class:  0 bytes
       Class:  16.00 MB
        Both:  16.00 MB

MaxMetaspaceSize: unlimited
CompressedClassSpaceSize: 1.00 GB
Initial GC threshold: 21.00 MB
Current GC threshold: 17179869184.00 GB
CDS: on
 - commit_granule_bytes: 65536.
 - commit_granule_words: 8192.
 - virtual_space_node_default_size: 8388608.
 - enlarge_chunks_in_place: 1.
 - use_allocation_guard: 0.


Internal statistics:

num_allocs_failed_limit: 0.
num_arena_births: 0.
num_arena_deaths: 0.
num_vsnodes_births: 1.
num_vsnodes_deaths: 0.
num_space_committed: 0.
num_space_uncommitted: 0.
num_chunks_returned_to_freelist: 0.
num_chunks_taken_from_freelist: 1.
num_chunk_merges: 0.
num_chunk_splits: 1.
num_chunks_enlarged: 0.
num_inconsistent_stats: 0.

CodeHeap 'non-profiled nmethods': size=119168Kb used=0Kb max_used=0Kb free=119168Kb
 bounds [0x000002ee87ba0000, 0x000002ee87e10000, 0x000002ee8f000000]
CodeHeap 'profiled nmethods': size=119104Kb used=0Kb max_used=0Kb free=119104Kb
 bounds [0x000002ee80000000, 0x000002ee80270000, 0x000002ee87450000]
CodeHeap 'non-nmethods': size=7488Kb used=194Kb max_used=342Kb free=7293Kb
 bounds [0x000002ee87450000, 0x000002ee876c0000, 0x000002ee87ba0000]
 total_blobs=70 nmethods=0 adapters=48
 compilation: enabled
              stopped_count=0, restarted_count=0
 full_count=0

Compilation events (0 events):
No events

GC Heap History (0 events):
No events

Dll operation events (1 events):
Event: 0.007 Loaded shared library D:\JAVA\JDK21\bin\java.dll

Deoptimization events (0 events):
No events

Classes loaded (0 events):
No events

Classes unloaded (0 events):
No events

Classes redefined (0 events):
No events

Internal exceptions (0 events):
No events

ZGC Phase Switch (0 events):
No events

VM Operations (0 events):
No events

Events (1 events):
Event: 0.023 Thread 0x000002eef0b0cf40 Thread added: 0x000002eef0b0cf40


Dynamic libraries:
0x00007ff7f46d0000 - 0x00007ff7f46e0000 	D:\JAVA\JDK21\bin\java.exe
0x00007ffbc29d0000 - 0x00007ffbc2be7000 	C:\WINDOWS\SYSTEM32\ntdll.dll
0x00007ffbc0ad0000 - 0x00007ffbc0b94000 	C:\WINDOWS\System32\KERNEL32.DLL
0x00007ffbbffe0000 - 0x00007ffbc03b3000 	C:\WINDOWS\System32\KERNELBASE.dll
0x00007ffbc0490000 - 0x00007ffbc05a1000 	C:\WINDOWS\System32\ucrtbase.dll
0x00007ffba6300000 - 0x00007ffba6319000 	D:\JAVA\JDK21\bin\jli.dll
0x00007ffba4a10000 - 0x00007ffba4a2b000 	D:\JAVA\JDK21\bin\VCRUNTIME140.dll
0x00007ffbc11d0000 - 0x00007ffbc1281000 	C:\WINDOWS\System32\ADVAPI32.dll
0x00007ffbc1c40000 - 0x00007ffbc1ce7000 	C:\WINDOWS\System32\msvcrt.dll
0x00007ffbc1030000 - 0x00007ffbc10d8000 	C:\WINDOWS\System32\sechost.dll
0x00007ffbbfae0000 - 0x00007ffbbfb08000 	C:\WINDOWS\System32\bcrypt.dll
0x00007ffbc0ba0000 - 0x00007ffbc0cb4000 	C:\WINDOWS\System32\RPCRT4.dll
0x00007ffbc0720000 - 0x00007ffbc08d1000 	C:\WINDOWS\System32\USER32.dll
0x00007ffbc03c0000 - 0x00007ffbc03e6000 	C:\WINDOWS\System32\win32u.dll
0x00007ffbc13f0000 - 0x00007ffbc1419000 	C:\WINDOWS\System32\GDI32.dll
0x00007ffbbfb10000 - 0x00007ffbbfc2b000 	C:\WINDOWS\System32\gdi32full.dll
0x00007ffba55c0000 - 0x00007ffba5858000 	C:\WINDOWS\WinSxS\amd64_microsoft.windows.common-controls_6595b64144ccf1df_6.0.22621.5124_none_270e8f4f7386d69d\COMCTL32.dll
0x00007ffbc03f0000 - 0x00007ffbc048a000 	C:\WINDOWS\System32\msvcp_win.dll
0x00007ffbb3d70000 - 0x00007ffbb3d7a000 	C:\WINDOWS\SYSTEM32\VERSION.dll
0x00007ffbc0a90000 - 0x00007ffbc0ac1000 	C:\WINDOWS\System32\IMM32.DLL
0x00007ffbb6c60000 - 0x00007ffbb6c6c000 	D:\JAVA\JDK21\bin\vcruntime140_1.dll
0x00007ffb7e0a0000 - 0x00007ffb7e12e000 	D:\JAVA\JDK21\bin\msvcp140.dll
0x00007ffb04fe0000 - 0x00007ffb05cfa000 	D:\JAVA\JDK21\bin\server\jvm.dll
0x00007ffbc0cc0000 - 0x00007ffbc0d31000 	C:\WINDOWS\System32\WS2_32.dll
0x00007ffbbe960000 - 0x00007ffbbe9ad000 	C:\WINDOWS\SYSTEM32\POWRPROF.dll
0x00007ffbbca50000 - 0x00007ffbbca84000 	C:\WINDOWS\SYSTEM32\WINMM.dll
0x00007ffbbe940000 - 0x00007ffbbe953000 	C:\WINDOWS\SYSTEM32\UMPDC.dll
0x00007ffbbeba0000 - 0x00007ffbbebb8000 	C:\WINDOWS\SYSTEM32\kernel.appcore.dll
0x00007ffbb5060000 - 0x00007ffbb506a000 	D:\JAVA\JDK21\bin\jimage.dll
0x00007ffbbd420000 - 0x00007ffbbd652000 	C:\WINDOWS\SYSTEM32\DBGHELP.DLL
0x00007ffbc1420000 - 0x00007ffbc17b2000 	C:\WINDOWS\System32\combase.dll
0x00007ffbc10f0000 - 0x00007ffbc11c7000 	C:\WINDOWS\System32\OLEAUT32.dll
0x00007ffbb23c0000 - 0x00007ffbb23f2000 	C:\WINDOWS\SYSTEM32\dbgcore.DLL
0x00007ffbbfdf0000 - 0x00007ffbbfe6b000 	C:\WINDOWS\System32\bcryptPrimitives.dll
0x00007ffbb30f0000 - 0x00007ffbb30ff000 	D:\JAVA\JDK21\bin\instrument.dll
0x00007ffb94460000 - 0x00007ffb9447f000 	D:\JAVA\JDK21\bin\java.dll

dbghelp: loaded successfully - version: 4.0.5 - missing functions: none
symbol engine: initialized successfully - sym options: 0x614 - pdb path: .;D:\JAVA\JDK21\bin;C:\WINDOWS\SYSTEM32;C:\WINDOWS\WinSxS\amd64_microsoft.windows.common-controls_6595b64144ccf1df_6.0.22621.5124_none_270e8f4f7386d69d;D:\JAVA\JDK21\bin\server

VM Arguments:
jvm_args: --add-modules=ALL-SYSTEM --add-opens=java.base/java.util=ALL-UNNAMED --add-opens=java.base/java.lang=ALL-UNNAMED --add-opens=java.base/sun.nio.fs=ALL-UNNAMED -Declipse.application=org.eclipse.jdt.ls.core.id1 -Dosgi.bundles.defaultStartLevel=4 -Declipse.product=org.eclipse.jdt.ls.core.product -Djava.import.generatesMetadataFilesAtProjectRoot=false -DDetectVMInstallationsJob.disabled=true -Dfile.encoding=utf8 -XX:+UseParallelGC -XX:GCTimeRatio=4 -XX:AdaptiveSizePolicyWeight=90 -Dsun.zip.disableMemoryMapping=true -Xmx1G -Xms100m -Xlog:disable -javaagent:c:\Users\86180\.vscode\extensions\redhat.java-1.40.0-win32-x64\lombok\lombok-1.18.36.jar -XX:+HeapDumpOnOutOfMemoryError -XX:HeapDumpPath=c:\Users\86180\AppData\Roaming\Code\User\workspaceStorage\53fa2aaa36807e02a3b2c9e57a9dbe24\redhat.java -Daether.dependencyCollector.impl=bf 
java_command: c:\Users\86180\.vscode\extensions\redhat.java-1.40.0-win32-x64\server\plugins\org.eclipse.equinox.launcher_1.6.1000.v20250131-0606.jar -configuration c:\Users\86180\AppData\Roaming\Code\User\globalStorage\redhat.java\1.40.0\config_win -data c:\Users\86180\AppData\Roaming\Code\User\workspaceStorage\53fa2aaa36807e02a3b2c9e57a9dbe24\redhat.java\jdt_ws --pipe=\\.\pipe\lsp-4873c44c533ebd949b89f8afbdd3158e-sock
java_class_path (initial): c:\Users\86180\.vscode\extensions\redhat.java-1.40.0-win32-x64\server\plugins\org.eclipse.equinox.launcher_1.6.1000.v20250131-0606.jar
Launcher Type: SUN_STANDARD

[Global flags]
    uintx AdaptiveSizePolicyWeight                 = 90                                        {product} {command line}
     intx CICompilerCount                          = 12                                        {product} {ergonomic}
    uintx GCTimeRatio                              = 4                                         {product} {command line}
     bool HeapDumpOnOutOfMemoryError               = true                                   {manageable} {command line}
    ccstr HeapDumpPath                             = c:\Users\86180\AppData\Roaming\Code\User\workspaceStorage\53fa2aaa36807e02a3b2c9e57a9dbe24\redhat.java         {manageable} {command line}
   size_t InitialHeapSize                          = 104857600                                 {product} {command line}
   size_t MaxHeapSize                              = 1073741824                                {product} {command line}
   size_t MaxNewSize                               = 357564416                                 {product} {ergonomic}
   size_t MinHeapDeltaBytes                        = 524288                                    {product} {ergonomic}
   size_t MinHeapSize                              = 104857600                                 {product} {command line}
   size_t NewSize                                  = 34603008                                  {product} {ergonomic}
    uintx NonNMethodCodeHeapSize                   = 7602480                                {pd product} {ergonomic}
    uintx NonProfiledCodeHeapSize                  = 122027880                              {pd product} {ergonomic}
   size_t OldSize                                  = 70254592                                  {product} {ergonomic}
    uintx ProfiledCodeHeapSize                     = 122027880                              {pd product} {ergonomic}
    uintx ReservedCodeCacheSize                    = 251658240                              {pd product} {ergonomic}
     bool SegmentedCodeCache                       = true                                      {product} {ergonomic}
   size_t SoftMaxHeapSize                          = 1073741824                             {manageable} {ergonomic}
     bool UseCompressedOops                        = true                           {product lp64_product} {ergonomic}
     bool UseLargePagesIndividualAllocation        = false                                  {pd product} {ergonomic}
     bool UseParallelGC                            = true                                      {product} {command line}

Logging:
Log output configuration:
 #0: stdout all=off uptime,level,tags foldmultilines=false
 #1: stderr all=off uptime,level,tags foldmultilines=false

Environment Variables:
JAVA_HOME=D:\JAVA\JDK21
PATH=D:\JEnv\JEnv-for-Windows-2.2.1;D:\Program Files (x86)\VMware\bin\;C:\Program Files (x86)\Common Files\Oracle\Java\java8path;C:\Program Files (x86)\Common Files\Oracle\Java\javapath;C:\WINDOWS\system32;C:\WINDOWS;C:\WINDOWS\System32\Wbem;C:\WINDOWS\System32\WindowsPowerShell\v1.0\;C:\WINDOWS\System32\OpenSSH\;C:\Program Files\NVIDIA Corporation\NVIDIA NvDLISR;E:\JAVA\bin;D:\Program Files\Git\cmd;E:\Program Files\MATLAB\R2024b\runtime\win64;E:\Program Files\MATLAB\R2024b\bin;C:\Program Files\Microsoft SQL Server\150\Tools\Binn\;C:\Program Files\Microsoft SQL Server\Client SDK\ODBC\170\Tools\Binn\;C:\Program Files\dotnet\;D:\Program Files\nvm;D:\Program Files\nodejs;D:\Program Files (x86)\Tencent\微信web开发者工具\dll;D:\python\Scripts\;D:\python\;C:\Users\86180\AppData\Local\Programs\Python\Launcher\;C:\Program Files\MySQL\MySQL Shell 8.0\bin\;C:\Users\86180\AppData\Local\Microsoft\WindowsApps;E:\Microsoft VS Code\bin;E:\Program Files\nodejs\node_global;E:\Program Files\nodejs;E:\Program Files\nodejs\node_cache;E:\Program Files\nodejs\node_global;C:\Users\86180\.dotnet\tools;D:\Program Files\nvm;D:\Program Files\nodejs;D:\MAVEN\bin;
USERNAME=86180
OS=Windows_NT
PROCESSOR_IDENTIFIER=Intel64 Family 6 Model 154 Stepping 3, GenuineIntel
TMP=C:\Users\86180\AppData\Local\Temp
TEMP=C:\Users\86180\AppData\Local\Temp




Periodic native trim disabled

---------------  S Y S T E M  ---------------

OS:
 Windows 11 , 64 bit Build 22621 (10.0.22621.5124)
OS uptime: 0 days 4:23 hours

CPU: total 20 (initial active 20) (10 cores per cpu, 2 threads per core) family 6 model 154 stepping 3 microcode 0x435, cx8, cmov, fxsr, ht, mmx, 3dnowpref, sse, sse2, sse3, ssse3, sse4.1, sse4.2, popcnt, lzcnt, tsc, tscinvbit, avx, avx2, aes, erms, clmul, bmi1, bmi2, adx, sha, fma, vzeroupper, clflush, clflushopt, clwb, serialize, rdtscp, rdpid, fsrm, f16c, pku, cet_ibt, cet_ss
Processor Information for processor 0
  Max Mhz: 2300, Current Mhz: 2300, Mhz Limit: 2300
Processor Information for processor 1
  Max Mhz: 2300, Current Mhz: 2300, Mhz Limit: 2300
Processor Information for processor 2
  Max Mhz: 2300, Current Mhz: 2300, Mhz Limit: 2300
Processor Information for processor 3
  Max Mhz: 2300, Current Mhz: 2300, Mhz Limit: 2300
Processor Information for processor 4
  Max Mhz: 2300, Current Mhz: 1506, Mhz Limit: 2300
Processor Information for processor 5
  Max Mhz: 2300, Current Mhz: 2300, Mhz Limit: 2300
Processor Information for processor 6
  Max Mhz: 2300, Current Mhz: 2300, Mhz Limit: 2300
Processor Information for processor 7
  Max Mhz: 2300, Current Mhz: 1506, Mhz Limit: 2300
Processor Information for processor 8
  Max Mhz: 2300, Current Mhz: 1506, Mhz Limit: 2300
Processor Information for processor 9
  Max Mhz: 2300, Current Mhz: 2300, Mhz Limit: 2300
Processor Information for processor 10
  Max Mhz: 2300, Current Mhz: 2300, Mhz Limit: 2300
Processor Information for processor 11
  Max Mhz: 2300, Current Mhz: 2300, Mhz Limit: 2300
Processor Information for processor 12
  Max Mhz: 2300, Current Mhz: 1488, Mhz Limit: 2300
Processor Information for processor 13
  Max Mhz: 2300, Current Mhz: 1488, Mhz Limit: 2300
Processor Information for processor 14
  Max Mhz: 2300, Current Mhz: 2300, Mhz Limit: 2300
Processor Information for processor 15
  Max Mhz: 2300, Current Mhz: 2300, Mhz Limit: 2300
Processor Information for processor 16
  Max Mhz: 2300, Current Mhz: 2300, Mhz Limit: 2300
Processor Information for processor 17
  Max Mhz: 2300, Current Mhz: 2300, Mhz Limit: 2300
Processor Information for processor 18
  Max Mhz: 2300, Current Mhz: 2300, Mhz Limit: 2300
Processor Information for processor 19
  Max Mhz: 2300, Current Mhz: 2300, Mhz Limit: 2300

Memory: 4k page, system-wide physical 16068M (5522M free)
TotalPageFile size 29167M (AvailPageFile size 3M)
current process WorkingSet (physical memory assigned to process): 27M, peak: 27M
current process commit charge ("private bytes"): 182M, peak: 183M

vm_info: Java HotSpot(TM) 64-Bit Server VM (21.0.6+8-LTS-188) for windows-amd64 JRE (21.0.6+8-LTS-188), built on 2024-12-03T10:50:54Z by "mach5one" with MS VC++ 17.6 (VS2022)

END.
